<?xml version="1.0" encoding="UTF-8"?>
<!-- Generated by org.testng.reporters.JUnitReportReporter -->
<testsuite hostname="DellG15" failures="0" tests="1" name="SpyneAutomation.TestCases.TC_UploadImage" time="30.674" errors="0" timestamp="2024-09-08T23:28:04 IST" skipped="0">
  <testcase classname="SpyneAutomation.TestCases.TC_UploadImage" name="upscale_test" time="30.674"/>
  <system-out/>
</testsuite> <!-- SpyneAutomation.TestCases.TC_UploadImage -->
